<?xml version="1.0" encoding="UTF-8"?>
<testng-results skipped="0" failed="0" ignored="0" total="1" passed="1">
  <reporter-output>
  </reporter-output>
  <suite name="Default suite" duration-ms="15096" started-at="2019-07-05T04:46:07Z" finished-at="2019-07-05T04:46:22Z">
    <groups>
    </groups>
    <test name="Default test" duration-ms="15096" started-at="2019-07-05T04:46:07Z" finished-at="2019-07-05T04:46:22Z">
      <class name="TestCases.LoginApp">
        <test-method status="PASS" signature="Login()[pri:0, instance:TestCases.LoginApp@3532ec19]" name="Login" duration-ms="15054" started-at="2019-07-05T04:46:07Z" finished-at="2019-07-05T04:46:22Z">
          <reporter-output>
          </reporter-output>
        </test-method> <!-- Login -->
      </class> <!-- TestCases.LoginApp -->
    </test> <!-- Default test -->
  </suite> <!-- Default suite -->
</testng-results>
